<?xml version="1.0" encoding="UTF-8"?>
<!-- Generated by org.testng.reporters.JUnitReportReporter -->
<testsuite hostname="Igors-MacBook-Pro.local" failures="0" tests="1" name="IgorsEclipseProjects.Appium.babyarkApp.WelcomPages" time="13.868" errors="0" timestamp="2022-12-18T15:48:42 IST" skipped="0">
  <testcase classname="IgorsEclipseProjects.Appium.babyarkApp.WelcomPages" name="GothroughWelcomPage" time="13.868"/>
  <system-out/>
</testsuite> <!-- IgorsEclipseProjects.Appium.babyarkApp.WelcomPages -->
