<?xml version="1.0" encoding="UTF-8"?>
<!-- Generated by org.testng.reporters.JUnitReportReporter -->
<testsuite hostname="Igors-MacBook-Pro.local" failures="0" tests="1" name="IgorsEclipseProjects.Appium.babyarkApp.Pages.babyarkAppTests" time="21.251" errors="0" timestamp="2023-01-08T16:11:06 IST" skipped="0">
  <testcase classname="IgorsEclipseProjects.Appium.babyarkApp.Pages.babyarkAppTests" name="EnterTOExistAccount" time="21.251"/>
  <system-out/>
</testsuite> <!-- IgorsEclipseProjects.Appium.babyarkApp.Pages.babyarkAppTests -->
