<?xml version="1.0" encoding="UTF-8"?>
<!-- Generated by org.testng.reporters.JUnitReportReporter -->
<testsuite hostname="Igors-MacBook-Pro.local" failures="0" tests="1" name="IgorsEclipseProjects.Appium.VNUK" time="40.483" errors="0" timestamp="2022-08-22T18:37:57 IDT" skipped="0">
  <testcase classname="IgorsEclipseProjects.Appium.VNUK" name="AppiumTest" time="40.483"/>
  <system-out/>
</testsuite> <!-- IgorsEclipseProjects.Appium.VNUK -->
