<?xml version="1.0" encoding="UTF-8"?>
<!-- Generated by org.testng.reporters.JUnitReportReporter -->
<testsuite hostname="Igors-MacBook-Pro.local" failures="0" tests="1" name="IgorsEclipseProjects.Appium.TestForPOCO" time="25.285" errors="1" timestamp="2022-12-08T11:14:37 IST" skipped="0">
  <testcase classname="IgorsEclipseProjects.Appium.TestForPOCO" name="codeWars" time="25.285">
    <error message="The local appium server has not been started. The given Node.js executable: /usr/local/bin/node Arguments: [/usr/local/lib/node_modules/appium/build/lib/main.js, --port, 4723, --address, 127.0.0.1] 
Process output: [35m[Appium][39m Welcome to Appium v1.22.3
[35m[Appium][39m Non-default server args:
[35m[Appium][39m   address: 127.0.0.1
[35m[Appium][39m Appium REST http interface listener started on 127.0.0.1:4723
[35m[HTTP][39m [37m--&gt;[39m [37mGET[39m [37m/status[39m
[35m[HTTP][39m [90m{}[39m
[debug] [35m[HTTP][39m No route found for /status
[35m[HTTP][39m [37m&lt;-- GET /status [39m[33m404[39m [90m23 ms - 211[39m
[35m[HTTP][39m [90m[39m
[35m[HTTP][39m [37m--&gt;[39m [37mGET[39m [37m/status[39m
[35m[HTTP][39m [90m{}[39m
[debug] [35m[HTTP][39m No route found for /status
[35m[HTTP][39m [37m&lt;-- GET /status [39m[33m404[39m [90m41 ms - 211[39m
[35m[HTTP][39m [90m[39m
[35m[HTTP][39m [37m--&gt;[39m [37mGET[39m [37m/status[39m
[35m[HTTP][39m [90m{}[39m
[debug] [35m[HTTP][39m No route found for /status
[35m[HTTP][39m [37m&lt;-- GET /status [39m[33m404[39m [90m26 ms - 211[39m
[35m[HTTP][39m [90m[39m
[35m[HTTP][39m [37m--&gt;[39m [37mGET[39m [37m/status[39m
[35m[HTTP][39m [90m{}[39m
[debug] [35m[HTTP][39m No route found for /status
[35m[HTTP][39m [37m&lt;-- GET /status [39m[33m404[39m [90m9 ms - 211[39m
[35m[HTTP][39m [90m[39m
[35m[HTTP][39m [37m--&gt;[39m [37mGET[39m [37m/status[39m
[35m[HTTP][39m [90m{}[39m
[debug] [35m[HTTP][39m No route found for /status
[35m[HTTP][39m [37m&lt;-- GET /status [39m[33m404[39m [90m9 ms - 211[39m
[35m[HTTP][39m [90m[39m
[35m[HTTP][39m [37m--&gt;[39m [37mGET[39m [37m/status[39m
[35m[HTTP][39m [90m{}[39m
[debug] [35m[HTTP][39m No route found for /status
[35m[HTTP][39m [37m&lt;-- GET /status [39m[33m404[39m [90m7 ms - 211[39m
[35m[HTTP][39m [90m[39m
[35m[HTTP][39m [37m--&gt;[39m [37mGET[39m [37m/status[39m
[35m[HTTP][39m [90m{}[39m
[debug] [35m[HTTP][39m No route found for /status
[35m[HTTP][39m [37m&lt;-- GET /status [39m[33m404[39m [90m11 ms - 211[39m
[35m[HTTP][39m [90m[39m
[35m[HTTP][39m [37m--&gt;[39m [37mGET[39m [37m/status[39m
[35m[HTTP][39m [90m{}[39m
[debug] [35m[HTTP][39m No route found for /status
[35m[HTTP][39m [37m&lt;-- GET /status [39m[33m404[39m [90m2 ms - 211[39m
[35m[HTTP][39m [90m[39m
[35m[HTTP][39m [37m--&gt;[39m [37mGET[39m [37m/status[39m
[35m[HTTP][39m [90m{}[39m
[debug] [35m[HTTP][39m No route found for /status
[35m[HTTP][39m [37m&lt;-- GET /status [39m[33m404[39m [90m7 ms - 211[39m
[35m[HTTP][39m [90m[39m
[35m[HTTP][39m [37m--&gt;[39m [37mGET[39m [37m/status[39m
[35m[HTTP][39m [90m{}[39m
[debug] [35m[HTTP][39m No route found for /status
[35m[HTTP][39m [37m&lt;-- GET /status [39m[33m404[39m [90m7 ms - 211[39m
[35m[HTTP][39m [90m[39m
[35m[HTTP][39m [37m--&gt;[39m [37mGET[39m [37m/status[39m
[35m[HTTP][39m [90m{}[39m
[debug] [35m[HTTP][39m No route found for /status
[35m[HTTP][39m [37m&lt;-- GET /status [39m[33m404[39m [90m3 ms - 211[39m
[35m[HTTP][39m [90m[39m
[35m[HTTP][39m [37m--&gt;[39m [37mGET[39m [37m/status[39m
[35m[HTTP][39m [90m{}[39m
[debug] [35m[HTTP][39m No route found for /status
[35m[HTTP][39m [37m&lt;-- GET /status [39m[33m404[39m [90m6 ms - 211[39m
[35m[HTTP][39m [90m[39m
[35m[HTTP][39m [37m--&gt;[39m [37mGET[39m [37m/status[39m
[35m[HTTP][39m [90m{}[39m
[debug] [35m[HTTP][39m No route found for /status
[35m[HTTP][39m [37m&lt;-- GET /status [39m[33m404[39m [90m7 ms - 211[39m
[35m[HTTP][39m [90m[39m
[35m[HTTP][39m [37m--&gt;[39m [37mGET[39m [37m/status[39m
[35m[HTTP][39m [90m{}[39m
[debug] [35m[HTTP][39m No route found for /status
[35m[HTTP][39m [37m&lt;-- GET /status [39m[33m404[39m [90m5 ms - 211[39m
[35m[HTTP][39m [90m[39m
[35m[HTTP][39m [37m--&gt;[39m [37mGET[39m [37m/status[39m
[35m[HTTP][39m [90m{}[39m
[debug] [35m[HTTP][39m No route found for /status
[35m[HTTP][39m [37m&lt;-- GET /status [39m[33m404[39m [90m1 ms - 211[39m
[35m[HTTP][39m [90m[39m
[35m[HTTP][39m [37m--&gt;[39m [37mGET[39m [37m/status[39m
[35m[HTTP][39m [90m{}[39m
[debug] [35m[HTTP][39m No route found for /status
[35m[HTTP][39m [37m&lt;-- GET /status [39m[33m404[39m [90m1 ms - 211[39m
[35m[HTTP][39m [90m[39m
[35m[HTTP][39m [37m--&gt;[39m [37mGET[39m [37m/status[39m
[35m[HTTP][39m [90m{}[39m
[debug] [35m[HTTP][39m No route found for /status
[35m[HTTP][39m [37m&lt;-- GET /status [39m[33m404[39m [90m1 ms - 211[39m
[35m[HTTP][39m [90m[39m
[35m[HTTP][39m [37m--&gt;[39m [37mGET[39m [37m/status[39m
[35m[HTTP][39m [90m{}[39m
[debug] [35m[HTTP][39m No route found for /status
[35m[HTTP][39m [37m&lt;-- GET /status [39m[33m404[39m [90m2 ms - 211[39m
[35m[HTTP][39m [90m[39m
[35m[HTTP][39m [37m--&gt;[39m [37mGET[39m [37m/status[39m
[35m[HTTP][39m [90m{}[39m
[debug] [35m[HTTP][39m No route found for /status
[35m[HTTP][39m [37m&lt;-- GET /status [39m[33m404[39m [90m3 ms - 211[39m
[35m[HTTP][39m [90m[39m
[35m[HTTP][39m [37m--&gt;[39m [37mGET[39m [37m/status[39m
[35m[HTTP][39m [90m{}[39m
[debug] [35m[HTTP][39m No route found for /status
[35m[HTTP][39m [37m&lt;-- GET /status [39m[33m404[39m [90m3 ms - 211[39m
[35m[HTTP][39m [90m[39m
[35m[HTTP][39m [37m--&gt;[39m [37mGET[39m [37m/status[39m
[35m[HTTP][39m [90m{}[39m
[debug] [35m[HTTP][39m No route found for /status
[35m[HTTP][39m [37m&lt;-- GET /status [39m[33m404[39m [90m2 ms - 211[39m
[35m[HTTP][39m [90m[39m
[35m[HTTP][39m [37m--&gt;[39m [37mGET[39m [37m/status[39m
[35m[HTTP][39m [90m{}[39m
[debug] [35m[HTTP][39m No route found for /status
[35m[HTTP][39m [37m&lt;-- GET /status [39m[33m404[39m [90m3 ms - 211[39m
[35m[HTTP][39m [90m[39m
[35m[HTTP][39m [37m--&gt;[39m [37mGET[39m [37m/status[39m
[35m[HTTP][39m [90m{}[39m
[debug] [35m[HTTP][39m No route found for /status
[35m[HTTP][39m [37m&lt;-- GET /status [39m[33m404[39m [90m3 ms - 211[39m
[35m[HTTP][39m [90m[39m
[35m[HTTP][39m [37m--&gt;[39m [37mGET[39m [37m/status[39m
[35m[HTTP][39m [90m{}[39m
[debug] [35m[HTTP][39m No route found for /status
[35m[HTTP][39m [37m&lt;-- GET /status [39m[33m404[39m [90m21 ms - 211[39m
[35m[HTTP][39m [90m[39m
[35m[HTTP][39m [37m--&gt;[39m [37mGET[39m [37m/status[39m
[35m[HTTP][39m [90m{}[39m
[debug] [35m[HTTP][39m No route found for /status
[35m[HTTP][39m [37m&lt;-- GET /status [39m[33m404[39m [90m2 ms - 211[39m
[35m[HTTP][39m [90m[39m
[35m[HTTP][39m [37m--&gt;[39m [37mGET[39m [37m/status[39m
[35m[HTTP][39m [90m{}[39m
[debug] [35m[HTTP][39m No route found for /status
[35m[HTTP][39m [37m&lt;-- GET /status [39m[33m404[39m [90m23 ms - 211[39m
[35m[HTTP][39m [90m[39m
[35m[HTTP][39m [37m--&gt;[39m [37mGET[39m [37m/status[39m
[35m[HTTP][39m [90m{}[39m
[debug] [35m[HTTP][39m No route found for /status
[35m[HTTP][39m [37m&lt;-- GET /status [39m[33m404[39m [90m3 ms - 211[39m
[35m[HTTP][39m [90m[39m
[35m[HTTP][39m [37m--&gt;[39m [37mGET[39m [37m/status[39m
[35m[HTTP][39m [90m{}[39m
[debug] [35m[HTTP][39m No route found for /status
[35m[HTTP][39m [37m&lt;-- GET /status [39m[33m404[39m [90m2 ms - 211[39m
[35m[HTTP][39m [90m[39m
[35m[HTTP][39m [37m--&gt;[39m [37mGET[39m [37m/status[39m
[35m[HTTP][39m [90m{}[39m
[debug] [35m[HTTP][39m No route found for /status
[35m[HTTP][39m [37m&lt;-- GET /status [39m[33m404[39m [90m3 ms - 211[39m
[35m[HTTP][39m [90m[39m
[35m[HTTP][39m [37m--&gt;[39m [37mGET[39m [37m/status[39m
[35m[HTTP][39m [90m{}[39m
[debug] [35m[HTTP][39m No route found for /status
[35m[HTTP][39m [37m&lt;-- GET /status [39m[33m404[39m [90m3 ms - 211[39m
[35m[HTTP][39m [90m[39m
[35m[HTTP][39m [37m--&gt;[39m [37mGET[39m [37m/status[39m
[35m[HTTP][39m [90m{}[39m
[debug] [35m[HTTP][39m No route found for /status
[35m[HTTP][39m [37m&lt;-- GET /status [39m[33m404[39m [90m1 ms - 211[39m
[35m[HTTP][39m [90m[39m
[35m[HTTP][39m [37m--&gt;[39m [37mGET[39m [37m/status[39m
[35m[HTTP][39m [90m{}[39m
[debug] [35m[HTTP][39m No route found for /status
[35m[HTTP][39m [37m&lt;-- GET /status [39m[33m404[39m [90m2 ms - 211[39m
[35m[HTTP][39m [90m[39m
[35m[HTTP][39m [37m--&gt;[39m [37mGET[39m [37m/status[39m
[35m[HTTP][39m [90m{}[39m
[debug] [35m[HTTP][39m No route found for /status
[35m[HTTP][39m [37m&lt;-- GET /status [39m[33m404[39m [90m1 ms - 211[39m
[35m[HTTP][39m [90m[39m
[35m[HTTP][39m [37m--&gt;[39m [37mGET[39m [37m/status[39m
[35m[HTTP][39m [90m{}[39m
[debug] [35m[HTTP][39m No route found for /status
[35m[HTTP][39m [37m&lt;-- GET /status [39m[33m404[39m [90m1 ms - 211[39m
[35m[HTTP][39m [90m[39m
[35m[HTTP][39m [37m--&gt;[39m [37mGET[39m [37m/status[39m
[35m[HTTP][39m [90m{}[39m
[debug] [35m[HTTP][39m No route found for /status
[35m[HTTP][39m [37m&lt;-- GET /status [39m[33m404[39m [90m5 ms - 211[39m
[35m[HTTP][39m [90m[39m
[35m[HTTP][39m [37m--&gt;[39m [37mGET[39m [37m/status[39m
[35m[HTTP][39m [90m{}[39m
[debug] [35m[HTTP][39m No route found for /status
[35m[HTTP][39m [37m&lt;-- GET /status [39m[33m404[39m [90m4 ms - 211[39m
[35m[HTTP][39m [90m[39m
[35m[HTTP][39m [37m--&gt;[39m [37mGET[39m [37m/status[39m
[35m[HTTP][39m [90m{}[39m
[debug] [35m[HTTP][39m No route found for /status
[35m[HTTP][39m [37m&lt;-- GET /status [39m[33m404[39m [90m1 ms - 211[39m
[35m[HTTP][39m [90m[39m
[35m[HTTP][39m [37m--&gt;[39m [37mGET[39m [37m/status[39m
[35m[HTTP][39m [90m{}[39m
[debug] [35m[HTTP][39m No route found for /status
[35m[HTTP][39m [37m&lt;-- GET /status [39m[33m404[39m [90m1 ms - 211[39m
[35m[HTTP][39m [90m[39m
[35m[HTTP][39m [37m--&gt;[39m [37mGET[39m [37m/status[39m
[35m[HTTP][39m [90m{}[39m
[debug] [35m[HTTP][39m No route found for /status
[35m[HTTP][39m [37m&lt;-- GET /status [39m[33m404[39m [90m2 ms - 211[39m
[35m[HTTP][39m [90m[39m
[35m[HTTP][39m [37m--&gt;[39m [37mGET[39m [37m/status[39m
[35m[HTTP][39m [90m{}[39m
[debug] [35m[HTTP][39m No route found for /status
[35m[HTTP][39m [37m&lt;-- GET /status [39m[33m404[39m [90m1 ms - 211[39m
[35m[HTTP][39m [90m[39m
[35m[HTTP][39m [37m--&gt;[39m [37mGET[39m [37m/status[39m
[35m[HTTP][39m [90m{}[39m
[debug] [35m[HTTP][39m No route found for /status
[35m[HTTP][39m [37m&lt;-- GET /status [39m[33m404[39m [90m3 ms - 211[39m
[35m[HTTP][39m [90m[39m
[35m[HTTP][39m [37m--&gt;[39m [37mGET[39m [37m/status[39m
[35m[HTTP][39m [90m{}[39m
[debug] [35m[HTTP][39m No route found for /status
[35m[HTTP][39m [37m&lt;-- GET /status [39m[33m404[39m [90m1 ms - 211[39m
[35m[HTTP][39m [90m[39m
[35m[HTTP][39m [37m--&gt;[39m [37mGET[39m [37m/status[39m
[35m[HTTP][39m [90m{}[39m
[debug] [35m[HTTP][39m No route found for /status
[35m[HTTP][39m [37m&lt;-- GET /status [39m[33m404[39m [90m3 ms - 211[39m
[35m[HTTP][39m [90m[39m
[35m[HTTP][39m [37m--&gt;[39m [37mGET[39m [37m/status[39m
[35m[HTTP][39m [90m{}[39m
[debug] [35m[HTTP][39m No route found for /status
[35m[HTTP][39m [37m&lt;-- GET /status [39m[33m404[39m [90m1 ms - 211[39m
[35m[HTTP][39m [90m[39m
[35m[HTTP][39m [37m--&gt;[39m [37mGET[39m [37m/status[39m
[35m[HTTP][39m [90m{}[39m
[debug] [35m[HTTP][39m No route found for /status
[35m[HTTP][39m [37m&lt;-- GET /status [39m[33m404[39m [90m1 ms - 211[39m
[35m[HTTP][39m [90m[39m
[35m[HTTP][39m [37m--&gt;[39m [37mGET[39m [37m/status[39m
[35m[HTTP][39m [90m{}[39m
[debug] [35m[HTTP][39m No route found for /status
[35m[HTTP][39m [37m&lt;-- GET /status [39m[33m404[39m [90m1 ms - 211[39m
[35m[HTTP][39m [90m[39m
[35m[HTTP][39m [37m--&gt;[39m [37mGET[39m [37m/status[39m
[35m[HTTP][39m [90m{}[39m
[debug] [35m[HTTP][39m No route found for /status
[35m[HTTP][39m [37m&lt;-- GET /status [39m[33m404[39m [90m2 ms - 211[39m
[35m[HTTP][39m [90m[39m
[35m[HTTP][39m [37m--&gt;[39m [37mGET[39m [37m/status[39m
[35m[HTTP][39m [90m{}[39m
[debug] [35m[HTTP][39m No route found for /status
[35m[HTTP][39m [37m&lt;-- GET /status [39m[33m404[39m [90m1 ms - 211[39m
[35m[HTTP][39m [90m[39m
[35m[HTTP][39m [37m--&gt;[39m [37mGET[39m [37m/status[39m
[35m[HTTP][39m [90m{}[39m
[debug] [35m[HTTP][39m No route found for /status
[35m[HTTP][39m [37m&lt;-- GET /status [39m[33m404[39m [90m3 ms - 211[39m
[35m[HTTP][39m [90m[39m
[35m[HTTP][39m [37m--&gt;[39m [37mGET[39m [37m/status[39m
[35m[HTTP][39m [90m{}[39m
[debug] [35m[HTTP][39m No route found for /status
[35m[HTTP][39m [37m&lt;-- GET /status [39m[33m404[39m [90m4 ms - 211[39m
[35m[HTTP][39m [90m[39m
[35m[HTTP][39m [37m--&gt;[39m [37mGET[39m [37m/status[39m
[35m[HTTP][39m [90m{}[39m
[debug] [35m[HTTP][39m No route found for /status
[35m[HTTP][39m [37m&lt;-- GET /status [39m[33m404[39m [90m1 ms - 211[39m
[35m[HTTP][39m [90m[39m
[35m[HTTP][39m [37m--&gt;[39m [37mGET[39m [37m/status[39m
[35m[HTTP][39m [90m{}[39m
[debug] [35m[HTTP][39m No route found for /status
[35m[HTTP][39m [37m&lt;-- GET /status [39m[33m404[39m [90m4 ms - 211[39m
[35m[HTTP][39m [90m[39m
[35m[HTTP][39m [37m--&gt;[39m [37mGET[39m [37m/status[39m
[35m[HTTP][39m [90m{}[39m
[debug] [35m[HTTP][39m No route found for /status
[35m[HTTP][39m [37m&lt;-- GET /status [39m[33m404[39m [90m5 ms - 211[39m
[35m[HTTP][39m [90m[39m

" type="io.appium.java_client.service.local.AppiumServerHasNotBeenStartedLocallyException">
      <![CDATA[io.appium.java_client.service.local.AppiumServerHasNotBeenStartedLocallyException: The local appium server has not been started. The given Node.js executable: /usr/local/bin/node Arguments: [/usr/local/lib/node_modules/appium/build/lib/main.js, --port, 4723, --address, 127.0.0.1] 
Process output: [35m[Appium][39m Welcome to Appium v1.22.3
[35m[Appium][39m Non-default server args:
[35m[Appium][39m   address: 127.0.0.1
[35m[Appium][39m Appium REST http interface listener started on 127.0.0.1:4723
[35m[HTTP][39m [37m-->[39m [37mGET[39m [37m/status[39m
[35m[HTTP][39m [90m{}[39m
[debug] [35m[HTTP][39m No route found for /status
[35m[HTTP][39m [37m<-- GET /status [39m[33m404[39m [90m23 ms - 211[39m
[35m[HTTP][39m [90m[39m
[35m[HTTP][39m [37m-->[39m [37mGET[39m [37m/status[39m
[35m[HTTP][39m [90m{}[39m
[debug] [35m[HTTP][39m No route found for /status
[35m[HTTP][39m [37m<-- GET /status [39m[33m404[39m [90m41 ms - 211[39m
[35m[HTTP][39m [90m[39m
[35m[HTTP][39m [37m-->[39m [37mGET[39m [37m/status[39m
[35m[HTTP][39m [90m{}[39m
[debug] [35m[HTTP][39m No route found for /status
[35m[HTTP][39m [37m<-- GET /status [39m[33m404[39m [90m26 ms - 211[39m
[35m[HTTP][39m [90m[39m
[35m[HTTP][39m [37m-->[39m [37mGET[39m [37m/status[39m
[35m[HTTP][39m [90m{}[39m
[debug] [35m[HTTP][39m No route found for /status
[35m[HTTP][39m [37m<-- GET /status [39m[33m404[39m [90m9 ms - 211[39m
[35m[HTTP][39m [90m[39m
[35m[HTTP][39m [37m-->[39m [37mGET[39m [37m/status[39m
[35m[HTTP][39m [90m{}[39m
[debug] [35m[HTTP][39m No route found for /status
[35m[HTTP][39m [37m<-- GET /status [39m[33m404[39m [90m9 ms - 211[39m
[35m[HTTP][39m [90m[39m
[35m[HTTP][39m [37m-->[39m [37mGET[39m [37m/status[39m
[35m[HTTP][39m [90m{}[39m
[debug] [35m[HTTP][39m No route found for /status
[35m[HTTP][39m [37m<-- GET /status [39m[33m404[39m [90m7 ms - 211[39m
[35m[HTTP][39m [90m[39m
[35m[HTTP][39m [37m-->[39m [37mGET[39m [37m/status[39m
[35m[HTTP][39m [90m{}[39m
[debug] [35m[HTTP][39m No route found for /status
[35m[HTTP][39m [37m<-- GET /status [39m[33m404[39m [90m11 ms - 211[39m
[35m[HTTP][39m [90m[39m
[35m[HTTP][39m [37m-->[39m [37mGET[39m [37m/status[39m
[35m[HTTP][39m [90m{}[39m
[debug] [35m[HTTP][39m No route found for /status
[35m[HTTP][39m [37m<-- GET /status [39m[33m404[39m [90m2 ms - 211[39m
[35m[HTTP][39m [90m[39m
[35m[HTTP][39m [37m-->[39m [37mGET[39m [37m/status[39m
[35m[HTTP][39m [90m{}[39m
[debug] [35m[HTTP][39m No route found for /status
[35m[HTTP][39m [37m<-- GET /status [39m[33m404[39m [90m7 ms - 211[39m
[35m[HTTP][39m [90m[39m
[35m[HTTP][39m [37m-->[39m [37mGET[39m [37m/status[39m
[35m[HTTP][39m [90m{}[39m
[debug] [35m[HTTP][39m No route found for /status
[35m[HTTP][39m [37m<-- GET /status [39m[33m404[39m [90m7 ms - 211[39m
[35m[HTTP][39m [90m[39m
[35m[HTTP][39m [37m-->[39m [37mGET[39m [37m/status[39m
[35m[HTTP][39m [90m{}[39m
[debug] [35m[HTTP][39m No route found for /status
[35m[HTTP][39m [37m<-- GET /status [39m[33m404[39m [90m3 ms - 211[39m
[35m[HTTP][39m [90m[39m
[35m[HTTP][39m [37m-->[39m [37mGET[39m [37m/status[39m
[35m[HTTP][39m [90m{}[39m
[debug] [35m[HTTP][39m No route found for /status
[35m[HTTP][39m [37m<-- GET /status [39m[33m404[39m [90m6 ms - 211[39m
[35m[HTTP][39m [90m[39m
[35m[HTTP][39m [37m-->[39m [37mGET[39m [37m/status[39m
[35m[HTTP][39m [90m{}[39m
[debug] [35m[HTTP][39m No route found for /status
[35m[HTTP][39m [37m<-- GET /status [39m[33m404[39m [90m7 ms - 211[39m
[35m[HTTP][39m [90m[39m
[35m[HTTP][39m [37m-->[39m [37mGET[39m [37m/status[39m
[35m[HTTP][39m [90m{}[39m
[debug] [35m[HTTP][39m No route found for /status
[35m[HTTP][39m [37m<-- GET /status [39m[33m404[39m [90m5 ms - 211[39m
[35m[HTTP][39m [90m[39m
[35m[HTTP][39m [37m-->[39m [37mGET[39m [37m/status[39m
[35m[HTTP][39m [90m{}[39m
[debug] [35m[HTTP][39m No route found for /status
[35m[HTTP][39m [37m<-- GET /status [39m[33m404[39m [90m1 ms - 211[39m
[35m[HTTP][39m [90m[39m
[35m[HTTP][39m [37m-->[39m [37mGET[39m [37m/status[39m
[35m[HTTP][39m [90m{}[39m
[debug] [35m[HTTP][39m No route found for /status
[35m[HTTP][39m [37m<-- GET /status [39m[33m404[39m [90m1 ms - 211[39m
[35m[HTTP][39m [90m[39m
[35m[HTTP][39m [37m-->[39m [37mGET[39m [37m/status[39m
[35m[HTTP][39m [90m{}[39m
[debug] [35m[HTTP][39m No route found for /status
[35m[HTTP][39m [37m<-- GET /status [39m[33m404[39m [90m1 ms - 211[39m
[35m[HTTP][39m [90m[39m
[35m[HTTP][39m [37m-->[39m [37mGET[39m [37m/status[39m
[35m[HTTP][39m [90m{}[39m
[debug] [35m[HTTP][39m No route found for /status
[35m[HTTP][39m [37m<-- GET /status [39m[33m404[39m [90m2 ms - 211[39m
[35m[HTTP][39m [90m[39m
[35m[HTTP][39m [37m-->[39m [37mGET[39m [37m/status[39m
[35m[HTTP][39m [90m{}[39m
[debug] [35m[HTTP][39m No route found for /status
[35m[HTTP][39m [37m<-- GET /status [39m[33m404[39m [90m3 ms - 211[39m
[35m[HTTP][39m [90m[39m
[35m[HTTP][39m [37m-->[39m [37mGET[39m [37m/status[39m
[35m[HTTP][39m [90m{}[39m
[debug] [35m[HTTP][39m No route found for /status
[35m[HTTP][39m [37m<-- GET /status [39m[33m404[39m [90m3 ms - 211[39m
[35m[HTTP][39m [90m[39m
[35m[HTTP][39m [37m-->[39m [37mGET[39m [37m/status[39m
[35m[HTTP][39m [90m{}[39m
[debug] [35m[HTTP][39m No route found for /status
[35m[HTTP][39m [37m<-- GET /status [39m[33m404[39m [90m2 ms - 211[39m
[35m[HTTP][39m [90m[39m
[35m[HTTP][39m [37m-->[39m [37mGET[39m [37m/status[39m
[35m[HTTP][39m [90m{}[39m
[debug] [35m[HTTP][39m No route found for /status
[35m[HTTP][39m [37m<-- GET /status [39m[33m404[39m [90m3 ms - 211[39m
[35m[HTTP][39m [90m[39m
[35m[HTTP][39m [37m-->[39m [37mGET[39m [37m/status[39m
[35m[HTTP][39m [90m{}[39m
[debug] [35m[HTTP][39m No route found for /status
[35m[HTTP][39m [37m<-- GET /status [39m[33m404[39m [90m3 ms - 211[39m
[35m[HTTP][39m [90m[39m
[35m[HTTP][39m [37m-->[39m [37mGET[39m [37m/status[39m
[35m[HTTP][39m [90m{}[39m
[debug] [35m[HTTP][39m No route found for /status
[35m[HTTP][39m [37m<-- GET /status [39m[33m404[39m [90m21 ms - 211[39m
[35m[HTTP][39m [90m[39m
[35m[HTTP][39m [37m-->[39m [37mGET[39m [37m/status[39m
[35m[HTTP][39m [90m{}[39m
[debug] [35m[HTTP][39m No route found for /status
[35m[HTTP][39m [37m<-- GET /status [39m[33m404[39m [90m2 ms - 211[39m
[35m[HTTP][39m [90m[39m
[35m[HTTP][39m [37m-->[39m [37mGET[39m [37m/status[39m
[35m[HTTP][39m [90m{}[39m
[debug] [35m[HTTP][39m No route found for /status
[35m[HTTP][39m [37m<-- GET /status [39m[33m404[39m [90m23 ms - 211[39m
[35m[HTTP][39m [90m[39m
[35m[HTTP][39m [37m-->[39m [37mGET[39m [37m/status[39m
[35m[HTTP][39m [90m{}[39m
[debug] [35m[HTTP][39m No route found for /status
[35m[HTTP][39m [37m<-- GET /status [39m[33m404[39m [90m3 ms - 211[39m
[35m[HTTP][39m [90m[39m
[35m[HTTP][39m [37m-->[39m [37mGET[39m [37m/status[39m
[35m[HTTP][39m [90m{}[39m
[debug] [35m[HTTP][39m No route found for /status
[35m[HTTP][39m [37m<-- GET /status [39m[33m404[39m [90m2 ms - 211[39m
[35m[HTTP][39m [90m[39m
[35m[HTTP][39m [37m-->[39m [37mGET[39m [37m/status[39m
[35m[HTTP][39m [90m{}[39m
[debug] [35m[HTTP][39m No route found for /status
[35m[HTTP][39m [37m<-- GET /status [39m[33m404[39m [90m3 ms - 211[39m
[35m[HTTP][39m [90m[39m
[35m[HTTP][39m [37m-->[39m [37mGET[39m [37m/status[39m
[35m[HTTP][39m [90m{}[39m
[debug] [35m[HTTP][39m No route found for /status
[35m[HTTP][39m [37m<-- GET /status [39m[33m404[39m [90m3 ms - 211[39m
[35m[HTTP][39m [90m[39m
[35m[HTTP][39m [37m-->[39m [37mGET[39m [37m/status[39m
[35m[HTTP][39m [90m{}[39m
[debug] [35m[HTTP][39m No route found for /status
[35m[HTTP][39m [37m<-- GET /status [39m[33m404[39m [90m1 ms - 211[39m
[35m[HTTP][39m [90m[39m
[35m[HTTP][39m [37m-->[39m [37mGET[39m [37m/status[39m
[35m[HTTP][39m [90m{}[39m
[debug] [35m[HTTP][39m No route found for /status
[35m[HTTP][39m [37m<-- GET /status [39m[33m404[39m [90m2 ms - 211[39m
[35m[HTTP][39m [90m[39m
[35m[HTTP][39m [37m-->[39m [37mGET[39m [37m/status[39m
[35m[HTTP][39m [90m{}[39m
[debug] [35m[HTTP][39m No route found for /status
[35m[HTTP][39m [37m<-- GET /status [39m[33m404[39m [90m1 ms - 211[39m
[35m[HTTP][39m [90m[39m
[35m[HTTP][39m [37m-->[39m [37mGET[39m [37m/status[39m
[35m[HTTP][39m [90m{}[39m
[debug] [35m[HTTP][39m No route found for /status
[35m[HTTP][39m [37m<-- GET /status [39m[33m404[39m [90m1 ms - 211[39m
[35m[HTTP][39m [90m[39m
[35m[HTTP][39m [37m-->[39m [37mGET[39m [37m/status[39m
[35m[HTTP][39m [90m{}[39m
[debug] [35m[HTTP][39m No route found for /status
[35m[HTTP][39m [37m<-- GET /status [39m[33m404[39m [90m5 ms - 211[39m
[35m[HTTP][39m [90m[39m
[35m[HTTP][39m [37m-->[39m [37mGET[39m [37m/status[39m
[35m[HTTP][39m [90m{}[39m
[debug] [35m[HTTP][39m No route found for /status
[35m[HTTP][39m [37m<-- GET /status [39m[33m404[39m [90m4 ms - 211[39m
[35m[HTTP][39m [90m[39m
[35m[HTTP][39m [37m-->[39m [37mGET[39m [37m/status[39m
[35m[HTTP][39m [90m{}[39m
[debug] [35m[HTTP][39m No route found for /status
[35m[HTTP][39m [37m<-- GET /status [39m[33m404[39m [90m1 ms - 211[39m
[35m[HTTP][39m [90m[39m
[35m[HTTP][39m [37m-->[39m [37mGET[39m [37m/status[39m
[35m[HTTP][39m [90m{}[39m
[debug] [35m[HTTP][39m No route found for /status
[35m[HTTP][39m [37m<-- GET /status [39m[33m404[39m [90m1 ms - 211[39m
[35m[HTTP][39m [90m[39m
[35m[HTTP][39m [37m-->[39m [37mGET[39m [37m/status[39m
[35m[HTTP][39m [90m{}[39m
[debug] [35m[HTTP][39m No route found for /status
[35m[HTTP][39m [37m<-- GET /status [39m[33m404[39m [90m2 ms - 211[39m
[35m[HTTP][39m [90m[39m
[35m[HTTP][39m [37m-->[39m [37mGET[39m [37m/status[39m
[35m[HTTP][39m [90m{}[39m
[debug] [35m[HTTP][39m No route found for /status
[35m[HTTP][39m [37m<-- GET /status [39m[33m404[39m [90m1 ms - 211[39m
[35m[HTTP][39m [90m[39m
[35m[HTTP][39m [37m-->[39m [37mGET[39m [37m/status[39m
[35m[HTTP][39m [90m{}[39m
[debug] [35m[HTTP][39m No route found for /status
[35m[HTTP][39m [37m<-- GET /status [39m[33m404[39m [90m3 ms - 211[39m
[35m[HTTP][39m [90m[39m
[35m[HTTP][39m [37m-->[39m [37mGET[39m [37m/status[39m
[35m[HTTP][39m [90m{}[39m
[debug] [35m[HTTP][39m No route found for /status
[35m[HTTP][39m [37m<-- GET /status [39m[33m404[39m [90m1 ms - 211[39m
[35m[HTTP][39m [90m[39m
[35m[HTTP][39m [37m-->[39m [37mGET[39m [37m/status[39m
[35m[HTTP][39m [90m{}[39m
[debug] [35m[HTTP][39m No route found for /status
[35m[HTTP][39m [37m<-- GET /status [39m[33m404[39m [90m3 ms - 211[39m
[35m[HTTP][39m [90m[39m
[35m[HTTP][39m [37m-->[39m [37mGET[39m [37m/status[39m
[35m[HTTP][39m [90m{}[39m
[debug] [35m[HTTP][39m No route found for /status
[35m[HTTP][39m [37m<-- GET /status [39m[33m404[39m [90m1 ms - 211[39m
[35m[HTTP][39m [90m[39m
[35m[HTTP][39m [37m-->[39m [37mGET[39m [37m/status[39m
[35m[HTTP][39m [90m{}[39m
[debug] [35m[HTTP][39m No route found for /status
[35m[HTTP][39m [37m<-- GET /status [39m[33m404[39m [90m1 ms - 211[39m
[35m[HTTP][39m [90m[39m
[35m[HTTP][39m [37m-->[39m [37mGET[39m [37m/status[39m
[35m[HTTP][39m [90m{}[39m
[debug] [35m[HTTP][39m No route found for /status
[35m[HTTP][39m [37m<-- GET /status [39m[33m404[39m [90m1 ms - 211[39m
[35m[HTTP][39m [90m[39m
[35m[HTTP][39m [37m-->[39m [37mGET[39m [37m/status[39m
[35m[HTTP][39m [90m{}[39m
[debug] [35m[HTTP][39m No route found for /status
[35m[HTTP][39m [37m<-- GET /status [39m[33m404[39m [90m2 ms - 211[39m
[35m[HTTP][39m [90m[39m
[35m[HTTP][39m [37m-->[39m [37mGET[39m [37m/status[39m
[35m[HTTP][39m [90m{}[39m
[debug] [35m[HTTP][39m No route found for /status
[35m[HTTP][39m [37m<-- GET /status [39m[33m404[39m [90m1 ms - 211[39m
[35m[HTTP][39m [90m[39m
[35m[HTTP][39m [37m-->[39m [37mGET[39m [37m/status[39m
[35m[HTTP][39m [90m{}[39m
[debug] [35m[HTTP][39m No route found for /status
[35m[HTTP][39m [37m<-- GET /status [39m[33m404[39m [90m3 ms - 211[39m
[35m[HTTP][39m [90m[39m
[35m[HTTP][39m [37m-->[39m [37mGET[39m [37m/status[39m
[35m[HTTP][39m [90m{}[39m
[debug] [35m[HTTP][39m No route found for /status
[35m[HTTP][39m [37m<-- GET /status [39m[33m404[39m [90m4 ms - 211[39m
[35m[HTTP][39m [90m[39m
[35m[HTTP][39m [37m-->[39m [37mGET[39m [37m/status[39m
[35m[HTTP][39m [90m{}[39m
[debug] [35m[HTTP][39m No route found for /status
[35m[HTTP][39m [37m<-- GET /status [39m[33m404[39m [90m1 ms - 211[39m
[35m[HTTP][39m [90m[39m
[35m[HTTP][39m [37m-->[39m [37mGET[39m [37m/status[39m
[35m[HTTP][39m [90m{}[39m
[debug] [35m[HTTP][39m No route found for /status
[35m[HTTP][39m [37m<-- GET /status [39m[33m404[39m [90m4 ms - 211[39m
[35m[HTTP][39m [90m[39m
[35m[HTTP][39m [37m-->[39m [37mGET[39m [37m/status[39m
[35m[HTTP][39m [90m{}[39m
[debug] [35m[HTTP][39m No route found for /status
[35m[HTTP][39m [37m<-- GET /status [39m[33m404[39m [90m5 ms - 211[39m
[35m[HTTP][39m [90m[39m


at io.appium.java_client.service.local.AppiumDriverLocalService.start(AppiumDriverLocalService.java:190)
at IgorsEclipseProjects.Appium.TestForPOCO.codeWars(TestForPOCO.java:48)
at java.base/jdk.internal.reflect.NativeMethodAccessorImpl.invoke0(Native Method)
at java.base/jdk.internal.reflect.NativeMethodAccessorImpl.invoke(NativeMethodAccessorImpl.java:77)
at java.base/jdk.internal.reflect.DelegatingMethodAccessorImpl.invoke(DelegatingMethodAccessorImpl.java:43)
at java.base/java.lang.reflect.Method.invoke(Method.java:568)
at org.testng.internal.MethodInvocationHelper.invokeMethod(MethodInvocationHelper.java:133)
at org.testng.internal.TestInvoker.invokeMethod(TestInvoker.java:598)
at org.testng.internal.TestInvoker.invokeTestMethod(TestInvoker.java:173)
at org.testng.internal.MethodRunner.runInSequence(MethodRunner.java:46)
at org.testng.internal.TestInvoker$MethodInvocationAgent.invoke(TestInvoker.java:824)
at org.testng.internal.TestInvoker.invokeTestMethods(TestInvoker.java:146)
at org.testng.internal.TestMethodWorker.invokeTestMethods(TestMethodWorker.java:146)
at org.testng.internal.TestMethodWorker.run(TestMethodWorker.java:128)
at java.base/java.util.ArrayList.forEach(ArrayList.java:1511)
at org.testng.TestRunner.privateRun(TestRunner.java:794)
at org.testng.TestRunner.run(TestRunner.java:596)
at org.testng.SuiteRunner.runTest(SuiteRunner.java:377)
at org.testng.SuiteRunner.runSequentially(SuiteRunner.java:371)
at org.testng.SuiteRunner.privateRun(SuiteRunner.java:332)
at org.testng.SuiteRunner.run(SuiteRunner.java:276)
at org.testng.SuiteRunnerWorker.runSuite(SuiteRunnerWorker.java:53)
at org.testng.SuiteRunnerWorker.run(SuiteRunnerWorker.java:96)
at org.testng.TestNG.runSuitesSequentially(TestNG.java:1212)
at org.testng.TestNG.runSuitesLocally(TestNG.java:1134)
at org.testng.TestNG.runSuites(TestNG.java:1063)
at org.testng.TestNG.run(TestNG.java:1031)
at org.testng.remote.AbstractRemoteTestNG.run(AbstractRemoteTestNG.java:115)
at org.testng.remote.RemoteTestNG.initAndRun(RemoteTestNG.java:251)
at org.testng.remote.RemoteTestNG.main(RemoteTestNG.java:77)
Caused by: org.openqa.selenium.net.UrlChecker$TimeoutException: Timed out waiting for [http://127.0.0.1:4723/status] to be available after 20014 ms
at org.openqa.selenium.net.UrlChecker.waitUntilAvailable(UrlChecker.java:89)
at io.appium.java_client.service.local.AppiumDriverLocalService.ping(AppiumDriverLocalService.java:155)
at io.appium.java_client.service.local.AppiumDriverLocalService.start(AppiumDriverLocalService.java:177)
... 29 more
Caused by: java.util.concurrent.TimeoutException
at java.base/java.util.concurrent.FutureTask.get(FutureTask.java:204)
at org.openqa.selenium.net.UrlChecker.waitUntilAvailable(UrlChecker.java:87)
... 31 more
]]>
    </error>
  </testcase> <!-- codeWars -->
  <system-out/>
</testsuite> <!-- IgorsEclipseProjects.Appium.TestForPOCO -->
