<?xml version="1.0" encoding="UTF-8"?>
<!-- Generated by org.testng.reporters.JUnitReportReporter -->
<testsuite hostname="Igors-MacBook-Pro.local" failures="0" tests="1" name="IgorsEclipseProjects.Appium.eComrce_tc_4" time="290.376" errors="0" timestamp="2022-11-21T14:08:45 IST" skipped="0">
  <testcase classname="IgorsEclipseProjects.Appium.eComrce_tc_4" name="swithToGoogle" time="290.376"/>
  <system-out/>
</testsuite> <!-- IgorsEclipseProjects.Appium.eComrce_tc_4 -->
