<?xml version="1.0" encoding="UTF-8"?>
<!-- Generated by org.testng.reporters.JUnitReportReporter -->
<testsuite hostname="Igors-MacBook-Pro.local" failures="0" tests="1" name="IgorsEclipseProjects.Appium.babyarkApp.WelcomPagesAndLogIn" time="43.146" errors="0" timestamp="2022-12-20T15:52:51 IST" skipped="0">
  <testcase classname="IgorsEclipseProjects.Appium.babyarkApp.WelcomPagesAndLogIn" name="GothroughWelcomPage" time="43.146"/>
  <system-out/>
</testsuite> <!-- IgorsEclipseProjects.Appium.babyarkApp.WelcomPagesAndLogIn -->
