<?xml version="1.0" encoding="UTF-8"?>
<!-- Generated by org.testng.reporters.JUnitReportReporter -->
<testsuite hostname="Igors-MacBook-Pro.local" failures="0" tests="1" name="IgorsEclipseProjects.Appium.Android.TestForPOCO" time="0.008" errors="0" timestamp="2023-01-09T13:09:08 IST" skipped="0">
  <testcase classname="IgorsEclipseProjects.Appium.Android.TestForPOCO" name="codeWars" time="0.008"/>
  <system-out/>
</testsuite> <!-- IgorsEclipseProjects.Appium.Android.TestForPOCO -->
