<?xml version="1.0" encoding="UTF-8"?>
<!-- Generated by org.testng.reporters.JUnitReportReporter -->
<testsuite hostname="Igors-MacBook-Pro.local" failures="0" tests="1" name="IgorsEclipseProjects.Appium.babyarkApp.Pages.WelcomPagesAndLogIn" time="20.819" errors="0" timestamp="2023-01-03T14:37:50 IST" skipped="0">
  <testcase classname="IgorsEclipseProjects.Appium.babyarkApp.Pages.WelcomPagesAndLogIn" name="EnterTOExistAccount" time="20.819"/>
  <system-out/>
</testsuite> <!-- IgorsEclipseProjects.Appium.babyarkApp.Pages.WelcomPagesAndLogIn -->
