<?xml version="1.0" encoding="UTF-8"?>
<!-- Generated by org.testng.reporters.JUnitReportReporter -->
<testsuite hostname="Igors-MacBook-Pro.local" failures="0" tests="1" name="IgorsEclipseProjects.Appium.eComrce_tc_2" time="467.532" errors="0" timestamp="2022-09-19T16:27:20 IDT" skipped="0">
  <testcase classname="IgorsEclipseProjects.Appium.eComrce_tc_2" name="addItemToCart" time="467.532"/>
  <system-out/>
</testsuite> <!-- IgorsEclipseProjects.Appium.eComrce_tc_2 -->
